<?xml version="1.0" encoding="UTF-8"?>
<testng-results ignored="0" total="3" passed="3" failed="0" skipped="0">
  <reporter-output>
  </reporter-output>
  <suite started-at="2023-04-04T12:41:40 IST" name="Suite" finished-at="2023-04-04T12:41:54 IST" duration-ms="14405">
    <groups>
    </groups>
    <test started-at="2023-04-04T12:41:40 IST" name="EdgeTest" finished-at="2023-04-04T12:41:48 IST" duration-ms="8659">
      <class name="org.tes.CrossBrowser">
        <test-method signature="tc1(java.lang.String)[pri:0, instance:org.tes.CrossBrowser@437da279]" started-at="2023-04-04T12:41:40 IST" name="tc1" finished-at="2023-04-04T12:41:48 IST" duration-ms="8598" status="PASS">
          <params>
            <param index="0">
              <value>
                <![CDATA[edgebrowser]]>
              </value>
            </param>
          </params>
          <reporter-output>
          </reporter-output>
        </test-method> <!-- tc1 -->
      </class> <!-- org.tes.CrossBrowser -->
    </test> <!-- EdgeTest -->
    <test started-at="2023-04-04T12:41:40 IST" name="ChromeTest" finished-at="2023-04-04T12:41:48 IST" duration-ms="8865">
      <class name="org.tes.CrossBrowser">
        <test-method signature="tc1(java.lang.String)[pri:0, instance:org.tes.CrossBrowser@581ac8a8]" started-at="2023-04-04T12:41:40 IST" name="tc1" finished-at="2023-04-04T12:41:48 IST" duration-ms="8808" status="PASS">
          <params>
            <param index="0">
              <value>
                <![CDATA[chromebrowser]]>
              </value>
            </param>
          </params>
          <reporter-output>
          </reporter-output>
        </test-method> <!-- tc1 -->
      </class> <!-- org.tes.CrossBrowser -->
    </test> <!-- ChromeTest -->
    <test started-at="2023-04-04T12:41:40 IST" name="FirefoxTest" finished-at="2023-04-04T12:41:54 IST" duration-ms="14405">
      <class name="org.tes.CrossBrowser">
        <test-method signature="tc1(java.lang.String)[pri:0, instance:org.tes.CrossBrowser@66f57048]" started-at="2023-04-04T12:41:40 IST" name="tc1" finished-at="2023-04-04T12:41:54 IST" duration-ms="14349" status="PASS">
          <params>
            <param index="0">
              <value>
                <![CDATA[firefoxbrowser]]>
              </value>
            </param>
          </params>
          <reporter-output>
          </reporter-output>
        </test-method> <!-- tc1 -->
      </class> <!-- org.tes.CrossBrowser -->
    </test> <!-- FirefoxTest -->
  </suite> <!-- Suite -->
</testng-results>
